<?xml version="1.0" encoding="UTF-8"?>
<!-- Generated by org.testng.reporters.JUnitReportReporter -->
<testsuite skipped="0" hostname="admins-MacBook-Pro-2.local" name="api_testing2.ResponseClass" tests="1" failures="0" timestamp="11 Aug 2017 12:06:32 GMT" time="2.839" errors="0">
  <testcase name="test2" time="2.839" classname="api_testing2.ResponseClass"/>
</testsuite> <!-- api_testing2.ResponseClass -->
