<?xml version="1.0" encoding="UTF-8"?>
<!-- Generated by org.testng.reporters.JUnitReportReporter -->
<testsuite skipped="0" hostname="admins-MacBook-Pro-2.local" name="api_testing2.ComplexResponse" tests="1" failures="0" timestamp="12 Aug 2017 12:29:45 GMT" time="4.287" errors="0">
  <testcase name="test1" time="4.287" classname="api_testing2.ComplexResponse"/>
</testsuite> <!-- api_testing2.ComplexResponse -->
